<?xml version="1.0" encoding="UTF-8"?>
<testng-results ignored="0" total="1" passed="1" failed="0" skipped="0">
  <reporter-output>
  </reporter-output>
  <suite started-at="2022-09-22T23:54:03 IST" name="Default suite" finished-at="2022-09-22T23:54:03 IST" duration-ms="45">
    <groups>
    </groups>
    <test started-at="2022-09-22T23:54:03 IST" name="Default test" finished-at="2022-09-22T23:54:03 IST" duration-ms="45">
      <class name="MavenTest.test0005">
        <test-method signature="contact()[pri:0, instance:MavenTest.test0005@6a370f4]" started-at="2022-09-22T23:54:03 IST" name="contact" finished-at="2022-09-22T23:54:03 IST" duration-ms="8" status="PASS">
          <reporter-output>
          </reporter-output>
        </test-method> <!-- contact -->
      </class> <!-- MavenTest.test0005 -->
    </test> <!-- Default test -->
  </suite> <!-- Default suite -->
</testng-results>
